D:\FWGPS\FWK4GPS 2012\DEBUG\FWK4GPS 2012.EXE
D:\FWGPS\FWK4GPS 2012\DEBUG\FWK4GPS 2012.ILK
D:\FWGPS\FWK4GPS 2012\DEBUG\FWK4GPS 2012.PDB
D:\FWGPS\FWK4GPS 2012\FWK4GPS 2012\DEBUG\APIAUDIO.OBJ
D:\FWGPS\FWK4GPS 2012\FWK4GPS 2012\DEBUG\APIBASE.OBJ
D:\FWGPS\FWK4GPS 2012\FWK4GPS 2012\DEBUG\APIDISPLAY.OBJ
D:\FWGPS\FWK4GPS 2012\FWK4GPS 2012\DEBUG\APIGRAPHIC.OBJ
D:\FWGPS\FWK4GPS 2012\FWK4GPS 2012\DEBUG\APIINPUTDEVICE.OBJ
D:\FWGPS\FWK4GPS 2012\FWK4GPS 2012\DEBUG\APILIGHT.OBJ
D:\FWGPS\FWK4GPS 2012\FWK4GPS 2012\DEBUG\APISOUND.OBJ
D:\FWGPS\FWK4GPS 2012\FWK4GPS 2012\DEBUG\APITEXT.OBJ
D:\FWGPS\FWK4GPS 2012\FWK4GPS 2012\DEBUG\APITEXTURE.OBJ
D:\FWGPS\FWK4GPS 2012\FWK4GPS 2012\DEBUG\APIUSERINPUT.OBJ
D:\FWGPS\FWK4GPS 2012\FWK4GPS 2012\DEBUG\APIWINDOW.OBJ
D:\FWGPS\FWK4GPS 2012\FWK4GPS 2012\DEBUG\BASE.OBJ
D:\FWGPS\FWK4GPS 2012\FWK4GPS 2012\DEBUG\CAMERA.OBJ
D:\fwgps\fwk4gps 2012\fwk4gps 2012\Debug\cl.command.1.tlog
D:\fwgps\fwk4gps 2012\fwk4gps 2012\Debug\CL.read.1.tlog
D:\fwgps\fwk4gps 2012\fwk4gps 2012\Debug\CL.write.1.tlog
D:\FWGPS\FWK4GPS 2012\FWK4GPS 2012\DEBUG\COORDINATOR.OBJ
D:\FWGPS\FWK4GPS 2012\FWK4GPS 2012\DEBUG\DESIGN.OBJ
D:\FWGPS\FWK4GPS 2012\FWK4GPS 2012\DEBUG\DIALOG.RES
D:\FWGPS\FWK4GPS 2012\FWK4GPS 2012\DEBUG\ENTRY.OBJ
D:\FWGPS\FWK4GPS 2012\FWK4GPS 2012\DEBUG\FRAME.OBJ
D:\FWGPS\FWK4GPS 2012\FWK4GPS 2012\DEBUG\FWK4GPS 2012.EXE.EMBED.MANIFEST
D:\FWGPS\FWK4GPS 2012\FWK4GPS 2012\DEBUG\FWK4GPS 2012.EXE.EMBED.MANIFEST.RES
D:\FWGPS\FWK4GPS 2012\FWK4GPS 2012\DEBUG\FWK4GPS 2012.EXE.INTERMEDIATE.MANIFEST
D:\fwgps\fwk4gps 2012\fwk4gps 2012\Debug\fwk4gps 2012_manifest.rc
D:\FWGPS\FWK4GPS 2012\FWK4GPS 2012\DEBUG\GRAPHIC.OBJ
D:\FWGPS\FWK4GPS 2012\FWK4GPS 2012\DEBUG\HUD.OBJ
D:\FWGPS\FWK4GPS 2012\FWK4GPS 2012\DEBUG\LIGHT.OBJ
D:\fwgps\fwk4gps 2012\fwk4gps 2012\Debug\link.6848.read.1.tlog
D:\fwgps\fwk4gps 2012\fwk4gps 2012\Debug\link.6848.write.1.tlog
D:\fwgps\fwk4gps 2012\fwk4gps 2012\Debug\link.6848-cvtres.read.1.tlog
D:\fwgps\fwk4gps 2012\fwk4gps 2012\Debug\link.6848-cvtres.write.1.tlog
D:\fwgps\fwk4gps 2012\fwk4gps 2012\Debug\link.command.1.tlog
D:\fwgps\fwk4gps 2012\fwk4gps 2012\Debug\link.read.1.tlog
D:\fwgps\fwk4gps 2012\fwk4gps 2012\Debug\link.write.1.tlog
D:\fwgps\fwk4gps 2012\fwk4gps 2012\Debug\link-cvtres.read.1.tlog
D:\fwgps\fwk4gps 2012\fwk4gps 2012\Debug\link-cvtres.write.1.tlog
D:\FWGPS\FWK4GPS 2012\FWK4GPS 2012\DEBUG\MESSAGECENTRE.OBJ
D:\fwgps\fwk4gps 2012\fwk4gps 2012\Debug\mt.command.1.tlog
D:\fwgps\fwk4gps 2012\fwk4gps 2012\Debug\mt.read.1.tlog
D:\fwgps\fwk4gps 2012\fwk4gps 2012\Debug\mt.write.1.tlog
D:\FWGPS\FWK4GPS 2012\FWK4GPS 2012\DEBUG\OBJECT.OBJ
D:\fwgps\fwk4gps 2012\fwk4gps 2012\Debug\rc.command.1.tlog
D:\fwgps\fwk4gps 2012\fwk4gps 2012\Debug\rc.read.1.tlog
D:\fwgps\fwk4gps 2012\fwk4gps 2012\Debug\rc.write.1.tlog
D:\FWGPS\FWK4GPS 2012\FWK4GPS 2012\DEBUG\SOUND.OBJ
D:\FWGPS\FWK4GPS 2012\FWK4GPS 2012\DEBUG\TEXT.OBJ
D:\FWGPS\FWK4GPS 2012\FWK4GPS 2012\DEBUG\TEXTURE.OBJ
D:\FWGPS\FWK4GPS 2012\FWK4GPS 2012\DEBUG\UTILITIES.OBJ
D:\fwgps\fwk4gps 2012\fwk4gps 2012\Debug\vc110.idb
D:\FWGPS\FWK4GPS 2012\FWK4GPS 2012\DEBUG\VC110.PDB
